2025-03-21 19:23:18,253 [INFO]: sent startApi
2025-03-21 19:23:18,253 [INFO]: REQUEST startApi {}
2025-03-21 19:23:18,253 [INFO]: SENDING startApi b'\x00\x00\x00\t71\x002\x0010\x00\x00'
2025-03-21 19:23:18,254 [INFO]: ANSWER connectAck {}
2025-03-21 19:23:18,256 [INFO]: ANSWER managedAccounts {'accountsList': 'DFH148809,DUH148810,DUH148811,DUH148812,DUH148813,DUH148814,'}
2025-03-24 10:07:28,217 [INFO]: sent startApi
2025-03-24 10:07:28,218 [INFO]: REQUEST startApi {}
2025-03-24 10:07:28,218 [INFO]: SENDING startApi b'\x00\x00\x00\t71\x002\x0010\x00\x00'
2025-03-24 10:07:28,218 [INFO]: ANSWER connectAck {}
2025-03-24 10:07:28,222 [INFO]: ANSWER managedAccounts {'accountsList': 'DFH148809,DUH148810,DUH148811,DUH148812,DUH148813,DUH148814,'}
2025-03-24 10:16:46,941 [INFO]: sent startApi
2025-03-24 10:16:46,941 [INFO]: REQUEST startApi {}
2025-03-24 10:16:46,941 [INFO]: SENDING startApi b'\x00\x00\x00\t71\x002\x0010\x00\x00'
2025-03-24 10:16:46,941 [INFO]: ANSWER connectAck {}
2025-03-24 10:16:46,943 [INFO]: ✅ Connected. Next valid order ID: 1
2025-03-24 10:16:46,943 [INFO]: 🚀 Trading AAPL across ALL accounts: ['DFH148809', 'DUYYYYYY', 'DUZZZZZZ', 'DUAAAAAA', 'DUBBBBBB', 'DUCCCCCC']
2025-03-24 10:16:46,944 [INFO]: 🛒 Placing BUY 1 AAPL in DFH148809...
2025-03-24 10:16:46,944 [INFO]: REQUEST placeOrder {'orderId': 1, 'contract': 4309309088: 0,AAPL,STK,,0.0,,,SMART,,USD,,,False,,combo:, 'order': 4309309760: 0,0,0: MKT BUY 1@179769313486231570814527423731704356798070567525844996598917476803157260780028538760589558632766878171540458953514382464234321326889464182768467546703537516986049910576551282076245490090389328944075868508455133942304583236903222948165808559332123348274797826204144723168738177180919299881250404026184124858368.000000 }
2025-03-24 10:16:46,944 [INFO]: SENDING placeOrder b'\x00\x00\x01=3\x001\x000\x00AAPL\x00STK\x00\x000.0\x00\x00\x00SMART\x00\x00USD\x00\x00\x00\x00\x00BUY\x001\x00MKT\x00\x00\x00\x00\x00DFH148809\x00\x000\x00\x001\x000\x000\x000\x000\x000\x000\x000\x00\x000\x00\x00\x00\x00\x00\x00\x00\x000\x00\x00-1\x000\x00\x00\x000\x00\x00\x000\x000\x00\x000\x00\x00\x00\x00\x00\x000\x00\x00\x00\x00\x000\x00\x00\x00\x00\x00\x00\x00\x00\x00\x00\x000\x00\x00\x000\x000\x00\x00\x000\x00\x000\x000\x000\x000\x00\x001.7976931348623157e+308\x001.7976931348623157e+308\x001.7976931348623157e+308\x001.7976931348623157e+308\x001.7976931348623157e+308\x000\x00\x00\x00\x001.7976931348623157e+308\x00\x00\x00\x00\x000\x000\x000\x00\x00'
2025-03-24 10:16:46,949 [INFO]: ANSWER managedAccounts {'accountsList': 'DFH148809,DUH148810,DUH148811,DUH148812,DUH148813,DUH148814,'}
2025-03-24 10:16:47,949 [INFO]: 🛒 Placing BUY 1 AAPL in DUYYYYYY...
2025-03-24 10:16:47,949 [INFO]: REQUEST placeOrder {'orderId': 2, 'contract': 4309309088: 0,AAPL,STK,,0.0,,,SMART,,USD,,,False,,combo:, 'order': 4309422544: 0,0,0: MKT BUY 1@179769313486231570814527423731704356798070567525844996598917476803157260780028538760589558632766878171540458953514382464234321326889464182768467546703537516986049910576551282076245490090389328944075868508455133942304583236903222948165808559332123348274797826204144723168738177180919299881250404026184124858368.000000 }
2025-03-24 10:16:47,949 [INFO]: SENDING placeOrder b'\x00\x00\x01<3\x002\x000\x00AAPL\x00STK\x00\x000.0\x00\x00\x00SMART\x00\x00USD\x00\x00\x00\x00\x00BUY\x001\x00MKT\x00\x00\x00\x00\x00DUYYYYYY\x00\x000\x00\x001\x000\x000\x000\x000\x000\x000\x000\x00\x000\x00\x00\x00\x00\x00\x00\x00\x000\x00\x00-1\x000\x00\x00\x000\x00\x00\x000\x000\x00\x000\x00\x00\x00\x00\x00\x000\x00\x00\x00\x00\x000\x00\x00\x00\x00\x00\x00\x00\x00\x00\x00\x000\x00\x00\x000\x000\x00\x00\x000\x00\x000\x000\x000\x000\x00\x001.7976931348623157e+308\x001.7976931348623157e+308\x001.7976931348623157e+308\x001.7976931348623157e+308\x001.7976931348623157e+308\x000\x00\x00\x00\x001.7976931348623157e+308\x00\x00\x00\x00\x000\x000\x000\x00\x00'
2025-03-24 10:16:48,157 [INFO]: ANSWER openOrder {'orderId': 2, 'contract': 4309423824: 265598,AAPL,STK,,0.0,?,,SMART,,USD,AAPL,NMS,False,,combo:, 'order': 4309423184: 2,10,2057210711: MKT BUY 1@0.000000 DAY, 'orderState': <ibapi.order_state.OrderState object at 0x100dad940>}
2025-03-24 10:16:48,157 [INFO]: ANSWER orderStatus {'orderId': 2, 'status': 'Inactive', 'filled': 0.0, 'remaining': 1.0, 'avgFillPrice': 0.0, 'permId': 2057210711, 'parentId': 0, 'lastFillPrice': 0.0, 'clientId': 10, 'whyHeld': '', 'mktCapPrice': 0.0}
2025-03-24 10:16:48,192 [ERROR]: ❌ Error (201): Order rejected - reason:Your order is not accepted due to an Invalid or missing IBKR Customer Account number. Please review the IBKR <br>Customer Account selected when creating the order ticket or order row.
2025-03-24 10:16:48,194 [INFO]: ANSWER openOrder {'orderId': 2, 'contract': 4309424464: 265598,AAPL,STK,,0.0,?,,SMART,,USD,AAPL,NMS,False,,combo:, 'order': 4309423504: 2,10,2057210711: MKT BUY 1@0.000000 DAY, 'orderState': <ibapi.order_state.OrderState object at 0x100dc9810>}
2025-03-24 10:16:48,194 [INFO]: ANSWER orderStatus {'orderId': 2, 'status': 'Inactive', 'filled': 0.0, 'remaining': 1.0, 'avgFillPrice': 0.0, 'permId': 2057210711, 'parentId': 0, 'lastFillPrice': 0.0, 'clientId': 10, 'whyHeld': '', 'mktCapPrice': 0.0}
2025-03-24 10:16:48,950 [INFO]: 🛒 Placing BUY 1 AAPL in DUZZZZZZ...
2025-03-24 10:16:48,950 [INFO]: REQUEST placeOrder {'orderId': 3, 'contract': 4309309088: 0,AAPL,STK,,0.0,,,SMART,,USD,,,False,,combo:, 'order': 4309423184: 0,0,0: MKT BUY 1@179769313486231570814527423731704356798070567525844996598917476803157260780028538760589558632766878171540458953514382464234321326889464182768467546703537516986049910576551282076245490090389328944075868508455133942304583236903222948165808559332123348274797826204144723168738177180919299881250404026184124858368.000000 }
2025-03-24 10:16:48,950 [INFO]: SENDING placeOrder b'\x00\x00\x01<3\x003\x000\x00AAPL\x00STK\x00\x000.0\x00\x00\x00SMART\x00\x00USD\x00\x00\x00\x00\x00BUY\x001\x00MKT\x00\x00\x00\x00\x00DUZZZZZZ\x00\x000\x00\x001\x000\x000\x000\x000\x000\x000\x000\x00\x000\x00\x00\x00\x00\x00\x00\x00\x000\x00\x00-1\x000\x00\x00\x000\x00\x00\x000\x000\x00\x000\x00\x00\x00\x00\x00\x000\x00\x00\x00\x00\x000\x00\x00\x00\x00\x00\x00\x00\x00\x00\x00\x000\x00\x00\x000\x000\x00\x00\x000\x00\x000\x000\x000\x000\x00\x001.7976931348623157e+308\x001.7976931348623157e+308\x001.7976931348623157e+308\x001.7976931348623157e+308\x001.7976931348623157e+308\x000\x00\x00\x00\x001.7976931348623157e+308\x00\x00\x00\x00\x000\x000\x000\x00\x00'
2025-03-24 10:16:49,110 [INFO]: ANSWER openOrder {'orderId': 3, 'contract': 4308201120: 265598,AAPL,STK,,0.0,?,,SMART,,USD,AAPL,NMS,False,,combo:, 'order': 4309422544: 3,10,2057210712: MKT BUY 1@0.000000 DAY, 'orderState': <ibapi.order_state.OrderState object at 0x100dc9310>}
2025-03-24 10:16:49,111 [INFO]: ANSWER orderStatus {'orderId': 3, 'status': 'Inactive', 'filled': 0.0, 'remaining': 1.0, 'avgFillPrice': 0.0, 'permId': 2057210712, 'parentId': 0, 'lastFillPrice': 0.0, 'clientId': 10, 'whyHeld': '', 'mktCapPrice': 0.0}
2025-03-24 10:16:49,141 [ERROR]: ❌ Error (201): Order rejected - reason:Your order is not accepted due to an Invalid or missing IBKR Customer Account number. Please review the IBKR <br>Customer Account selected when creating the order ticket or order row.
2025-03-24 10:16:49,141 [INFO]: ANSWER openOrder {'orderId': 3, 'contract': 4308200816: 265598,AAPL,STK,,0.0,?,,SMART,,USD,AAPL,NMS,False,,combo:, 'order': 4309424144: 3,10,2057210712: MKT BUY 1@0.000000 DAY, 'orderState': <ibapi.order_state.OrderState object at 0x100c9efd0>}
2025-03-24 10:16:49,141 [INFO]: ANSWER orderStatus {'orderId': 3, 'status': 'Inactive', 'filled': 0.0, 'remaining': 1.0, 'avgFillPrice': 0.0, 'permId': 2057210712, 'parentId': 0, 'lastFillPrice': 0.0, 'clientId': 10, 'whyHeld': '', 'mktCapPrice': 0.0}
2025-03-24 10:16:49,956 [INFO]: 🛒 Placing BUY 1 AAPL in DUAAAAAA...
2025-03-24 10:16:49,956 [INFO]: REQUEST placeOrder {'orderId': 4, 'contract': 4309309088: 0,AAPL,STK,,0.0,,,SMART,,USD,,,False,,combo:, 'order': 4309422864: 0,0,0: MKT BUY 1@179769313486231570814527423731704356798070567525844996598917476803157260780028538760589558632766878171540458953514382464234321326889464182768467546703537516986049910576551282076245490090389328944075868508455133942304583236903222948165808559332123348274797826204144723168738177180919299881250404026184124858368.000000 }
2025-03-24 10:16:49,956 [INFO]: SENDING placeOrder b'\x00\x00\x01<3\x004\x000\x00AAPL\x00STK\x00\x000.0\x00\x00\x00SMART\x00\x00USD\x00\x00\x00\x00\x00BUY\x001\x00MKT\x00\x00\x00\x00\x00DUAAAAAA\x00\x000\x00\x001\x000\x000\x000\x000\x000\x000\x000\x00\x000\x00\x00\x00\x00\x00\x00\x00\x000\x00\x00-1\x000\x00\x00\x000\x00\x00\x000\x000\x00\x000\x00\x00\x00\x00\x00\x000\x00\x00\x00\x00\x000\x00\x00\x00\x00\x00\x00\x00\x00\x00\x00\x000\x00\x00\x000\x000\x00\x00\x000\x00\x000\x000\x000\x000\x00\x001.7976931348623157e+308\x001.7976931348623157e+308\x001.7976931348623157e+308\x001.7976931348623157e+308\x001.7976931348623157e+308\x000\x00\x00\x00\x001.7976931348623157e+308\x00\x00\x00\x00\x000\x000\x000\x00\x00'
2025-03-24 10:16:50,075 [INFO]: ANSWER openOrder {'orderId': 4, 'contract': 4309295056: 265598,AAPL,STK,,0.0,?,,SMART,,USD,AAPL,NMS,False,,combo:, 'order': 4309423184: 4,10,2057210713: MKT BUY 1@0.000000 DAY, 'orderState': <ibapi.order_state.OrderState object at 0x100c9eea0>}
2025-03-24 10:16:50,075 [INFO]: ANSWER orderStatus {'orderId': 4, 'status': 'Inactive', 'filled': 0.0, 'remaining': 1.0, 'avgFillPrice': 0.0, 'permId': 2057210713, 'parentId': 0, 'lastFillPrice': 0.0, 'clientId': 10, 'whyHeld': '', 'mktCapPrice': 0.0}
2025-03-24 10:16:50,083 [ERROR]: ❌ Error (201): Order rejected - reason:Your order is not accepted due to an Invalid or missing IBKR Customer Account number. Please review the IBKR <br>Customer Account selected when creating the order ticket or order row.
2025-03-24 10:16:50,083 [INFO]: ANSWER openOrder {'orderId': 4, 'contract': 4309187536: 265598,AAPL,STK,,0.0,?,,SMART,,USD,AAPL,NMS,False,,combo:, 'order': 4309424144: 4,10,2057210713: MKT BUY 1@0.000000 DAY, 'orderState': <ibapi.order_state.OrderState object at 0x100da9eb0>}
2025-03-24 10:16:50,084 [INFO]: ANSWER orderStatus {'orderId': 4, 'status': 'Inactive', 'filled': 0.0, 'remaining': 1.0, 'avgFillPrice': 0.0, 'permId': 2057210713, 'parentId': 0, 'lastFillPrice': 0.0, 'clientId': 10, 'whyHeld': '', 'mktCapPrice': 0.0}
2025-03-24 10:16:50,957 [INFO]: 🛒 Placing BUY 1 AAPL in DUBBBBBB...
2025-03-24 10:16:50,957 [INFO]: REQUEST placeOrder {'orderId': 5, 'contract': 4309309088: 0,AAPL,STK,,0.0,,,SMART,,USD,,,False,,combo:, 'order': 4309423184: 0,0,0: MKT BUY 1@179769313486231570814527423731704356798070567525844996598917476803157260780028538760589558632766878171540458953514382464234321326889464182768467546703537516986049910576551282076245490090389328944075868508455133942304583236903222948165808559332123348274797826204144723168738177180919299881250404026184124858368.000000 }
2025-03-24 10:16:50,957 [INFO]: SENDING placeOrder b'\x00\x00\x01<3\x005\x000\x00AAPL\x00STK\x00\x000.0\x00\x00\x00SMART\x00\x00USD\x00\x00\x00\x00\x00BUY\x001\x00MKT\x00\x00\x00\x00\x00DUBBBBBB\x00\x000\x00\x001\x000\x000\x000\x000\x000\x000\x000\x00\x000\x00\x00\x00\x00\x00\x00\x00\x000\x00\x00-1\x000\x00\x00\x000\x00\x00\x000\x000\x00\x000\x00\x00\x00\x00\x00\x000\x00\x00\x00\x00\x000\x00\x00\x00\x00\x00\x00\x00\x00\x00\x00\x000\x00\x00\x000\x000\x00\x00\x000\x00\x000\x000\x000\x000\x00\x001.7976931348623157e+308\x001.7976931348623157e+308\x001.7976931348623157e+308\x001.7976931348623157e+308\x001.7976931348623157e+308\x000\x00\x00\x00\x001.7976931348623157e+308\x00\x00\x00\x00\x000\x000\x000\x00\x00'
2025-03-24 10:16:51,165 [INFO]: ANSWER openOrder {'orderId': 5, 'contract': 4309188352: 265598,AAPL,STK,,0.0,?,,SMART,,USD,AAPL,NMS,False,,combo:, 'order': 4309422864: 5,10,2057210714: MKT BUY 1@0.000000 DAY, 'orderState': <ibapi.order_state.OrderState object at 0x100d8fac0>}
2025-03-24 10:16:51,165 [INFO]: ANSWER orderStatus {'orderId': 5, 'status': 'Inactive', 'filled': 0.0, 'remaining': 1.0, 'avgFillPrice': 0.0, 'permId': 2057210714, 'parentId': 0, 'lastFillPrice': 0.0, 'clientId': 10, 'whyHeld': '', 'mktCapPrice': 0.0}
2025-03-24 10:16:51,178 [ERROR]: ❌ Error (201): Order rejected - reason:Your order is not accepted due to an Invalid or missing IBKR Customer Account number. Please review the IBKR <br>Customer Account selected when creating the order ticket or order row.
2025-03-24 10:16:51,179 [INFO]: ANSWER openOrder {'orderId': 5, 'contract': 4309452880: 265598,AAPL,STK,,0.0,?,,SMART,,USD,AAPL,NMS,False,,combo:, 'order': 4309424144: 5,10,2057210714: MKT BUY 1@0.000000 DAY, 'orderState': <ibapi.order_state.OrderState object at 0x100d8fbd0>}
2025-03-24 10:16:51,179 [INFO]: ANSWER orderStatus {'orderId': 5, 'status': 'Inactive', 'filled': 0.0, 'remaining': 1.0, 'avgFillPrice': 0.0, 'permId': 2057210714, 'parentId': 0, 'lastFillPrice': 0.0, 'clientId': 10, 'whyHeld': '', 'mktCapPrice': 0.0}
2025-03-24 10:16:51,965 [INFO]: 🛒 Placing BUY 1 AAPL in DUCCCCCC...
2025-03-24 10:16:51,971 [INFO]: REQUEST placeOrder {'orderId': 6, 'contract': 4309309088: 0,AAPL,STK,,0.0,,,SMART,,USD,,,False,,combo:, 'order': 4309422864: 0,0,0: MKT BUY 1@179769313486231570814527423731704356798070567525844996598917476803157260780028538760589558632766878171540458953514382464234321326889464182768467546703537516986049910576551282076245490090389328944075868508455133942304583236903222948165808559332123348274797826204144723168738177180919299881250404026184124858368.000000 }
2025-03-24 10:16:51,972 [INFO]: SENDING placeOrder b'\x00\x00\x01<3\x006\x000\x00AAPL\x00STK\x00\x000.0\x00\x00\x00SMART\x00\x00USD\x00\x00\x00\x00\x00BUY\x001\x00MKT\x00\x00\x00\x00\x00DUCCCCCC\x00\x000\x00\x001\x000\x000\x000\x000\x000\x000\x000\x00\x000\x00\x00\x00\x00\x00\x00\x00\x000\x00\x00-1\x000\x00\x00\x000\x00\x00\x000\x000\x00\x000\x00\x00\x00\x00\x00\x000\x00\x00\x00\x00\x000\x00\x00\x00\x00\x00\x00\x00\x00\x00\x00\x000\x00\x00\x000\x000\x00\x00\x000\x00\x000\x000\x000\x000\x00\x001.7976931348623157e+308\x001.7976931348623157e+308\x001.7976931348623157e+308\x001.7976931348623157e+308\x001.7976931348623157e+308\x000\x00\x00\x00\x001.7976931348623157e+308\x00\x00\x00\x00\x000\x000\x000\x00\x00'
2025-03-24 10:16:52,165 [INFO]: ANSWER openOrder {'orderId': 6, 'contract': 4309452624: 265598,AAPL,STK,,0.0,?,,SMART,,USD,AAPL,NMS,False,,combo:, 'order': 4309423184: 6,10,2057210715: MKT BUY 1@0.000000 DAY, 'orderState': <ibapi.order_state.OrderState object at 0x100dd0550>}
2025-03-24 10:16:52,165 [INFO]: ANSWER orderStatus {'orderId': 6, 'status': 'Inactive', 'filled': 0.0, 'remaining': 1.0, 'avgFillPrice': 0.0, 'permId': 2057210715, 'parentId': 0, 'lastFillPrice': 0.0, 'clientId': 10, 'whyHeld': '', 'mktCapPrice': 0.0}
2025-03-24 10:16:52,172 [ERROR]: ❌ Error (201): Order rejected - reason:Your order is not accepted due to an Invalid or missing IBKR Customer Account number. Please review the IBKR <br>Customer Account selected when creating the order ticket or order row.
2025-03-24 10:16:52,174 [INFO]: ANSWER openOrder {'orderId': 6, 'contract': 4309244080: 265598,AAPL,STK,,0.0,?,,SMART,,USD,AAPL,NMS,False,,combo:, 'order': 4309424144: 6,10,2057210715: MKT BUY 1@0.000000 DAY, 'orderState': <ibapi.order_state.OrderState object at 0x100dd0950>}
2025-03-24 10:16:52,174 [INFO]: ANSWER orderStatus {'orderId': 6, 'status': 'Inactive', 'filled': 0.0, 'remaining': 1.0, 'avgFillPrice': 0.0, 'permId': 2057210715, 'parentId': 0, 'lastFillPrice': 0.0, 'clientId': 10, 'whyHeld': '', 'mktCapPrice': 0.0}
2025-03-24 10:16:56,012 [INFO]: disconnecting
2025-03-24 10:16:56,035 [INFO]: ANSWER connectionClosed {}
2025-03-24 10:16:56,037 [INFO]: 🔌 Disconnected.
